<?xml version="1.0" encoding="UTF-8"?>
<testsuite xmlns:xsi="http://www.w3.org/2001/XMLSchema-instance" xsi:noNamespaceSchemaLocation="https://maven.apache.org/surefire/maven-surefire-plugin/xsd/surefire-test-report-3.0.xsd" version="3.0" name="AnimalTest" time="0.088" tests="4" errors="0" skipped="0" failures="0">
  <properties>
[...]
</properties>
  <testcase name="getFoodTest(String, List)[1]" classname="AnimalTest" time="0.033"/>
  <testcase name="getFoodTest(String, List)[2]" classname="AnimalTest" time="0.003"/>
  <testcase name="shouldFailedGetAnimalFood" classname="AnimalTest" time="0.004"/>
  <testcase name="testGetFamily" classname="AnimalTest" time="0.001"/>
</testsuite>